[2025-04-17T17:17:55.630+0000] {local_task_job_runner.py:123} INFO - ::group::Pre task execution logs
[2025-04-17T17:17:55.651+0000] {taskinstance.py:2614} INFO - Dependencies all met for dep_context=non-requeueable deps ti=<TaskInstance: csv_to_fhir_pipeline.transform_csv_to_fhir manual__2025-04-17T17:17:52.128888+00:00 [queued]>
[2025-04-17T17:17:55.661+0000] {taskinstance.py:2614} INFO - Dependencies all met for dep_context=requeueable deps ti=<TaskInstance: csv_to_fhir_pipeline.transform_csv_to_fhir manual__2025-04-17T17:17:52.128888+00:00 [queued]>
[2025-04-17T17:17:55.663+0000] {taskinstance.py:2867} INFO - Starting attempt 1 of 1
[2025-04-17T17:17:55.678+0000] {taskinstance.py:2890} INFO - Executing <Task(PythonOperator): transform_csv_to_fhir> on 2025-04-17 17:17:52.128888+00:00
[2025-04-17T17:17:55.690+0000] {warnings.py:112} WARNING - /home/***/.local/lib/python3.12/site-packages/***/task/task_runner/standard_task_runner.py:70: DeprecationWarning: This process (pid=420) is multi-threaded, use of fork() may lead to deadlocks in the child.
  pid = os.fork()

[2025-04-17T17:17:55.692+0000] {standard_task_runner.py:104} INFO - Running: ['***', 'tasks', 'run', 'csv_to_fhir_pipeline', 'transform_csv_to_fhir', 'manual__2025-04-17T17:17:52.128888+00:00', '--job-id', '43', '--raw', '--subdir', 'DAGS_FOLDER/csv_to_fhir_dag.py', '--cfg-path', '/tmp/tmpgkl_4_h6']
[2025-04-17T17:17:55.694+0000] {standard_task_runner.py:72} INFO - Started process 422 to run task
[2025-04-17T17:17:55.694+0000] {standard_task_runner.py:105} INFO - Job 43: Subtask transform_csv_to_fhir
[2025-04-17T17:17:55.744+0000] {task_command.py:467} INFO - Running <TaskInstance: csv_to_fhir_pipeline.transform_csv_to_fhir manual__2025-04-17T17:17:52.128888+00:00 [running]> on host 3f82670609a6
[2025-04-17T17:17:55.850+0000] {taskinstance.py:3134} INFO - Exporting env vars: AIRFLOW_CTX_DAG_OWNER='***' AIRFLOW_CTX_DAG_ID='csv_to_fhir_pipeline' AIRFLOW_CTX_TASK_ID='transform_csv_to_fhir' AIRFLOW_CTX_EXECUTION_DATE='2025-04-17T17:17:52.128888+00:00' AIRFLOW_CTX_TRY_NUMBER='1' AIRFLOW_CTX_DAG_RUN_ID='manual__2025-04-17T17:17:52.128888+00:00'
[2025-04-17T17:17:55.852+0000] {logging_mixin.py:190} INFO - Task instance is in running state
[2025-04-17T17:17:55.853+0000] {logging_mixin.py:190} INFO -  Previous state of the Task instance: queued
[2025-04-17T17:17:55.853+0000] {logging_mixin.py:190} INFO - Current task name:transform_csv_to_fhir state:running start_date:2025-04-17 17:17:55.652723+00:00
[2025-04-17T17:17:55.854+0000] {logging_mixin.py:190} INFO - Dag name:csv_to_fhir_pipeline and current dag run status:running
[2025-04-17T17:17:55.855+0000] {taskinstance.py:732} INFO - ::endgroup::
[2025-04-17T17:18:57.880+0000] {python.py:240} INFO - Done. Returned value was: None
[2025-04-17T17:18:57.890+0000] {taskinstance.py:341} INFO - ::group::Post task execution logs
[2025-04-17T17:18:57.891+0000] {taskinstance.py:353} INFO - Marking task as SUCCESS. dag_id=csv_to_fhir_pipeline, task_id=transform_csv_to_fhir, run_id=manual__2025-04-17T17:17:52.128888+00:00, execution_date=20250417T171752, start_date=20250417T171755, end_date=20250417T171857
[2025-04-17T17:18:57.912+0000] {logging_mixin.py:190} INFO - Task instance in success state
[2025-04-17T17:18:57.913+0000] {logging_mixin.py:190} INFO -  Previous state of the Task instance: running
[2025-04-17T17:18:57.914+0000] {logging_mixin.py:190} INFO - Dag name:csv_to_fhir_pipeline queued_at:2025-04-17 17:17:52.189962+00:00
[2025-04-17T17:18:57.915+0000] {logging_mixin.py:190} INFO - Task hostname:3f82670609a6 operator:PythonOperator
[2025-04-17T17:18:57.963+0000] {local_task_job_runner.py:266} INFO - Task exited with return code 0
[2025-04-17T17:18:57.987+0000] {taskinstance.py:3901} INFO - 0 downstream tasks scheduled from follow-on schedule check
[2025-04-17T17:18:57.990+0000] {local_task_job_runner.py:245} INFO - ::endgroup::
