[2025-04-17T02:50:05.282+0000] {local_task_job_runner.py:123} INFO - ::group::Pre task execution logs
[2025-04-17T02:50:05.310+0000] {taskinstance.py:2614} INFO - Dependencies all met for dep_context=non-requeueable deps ti=<TaskInstance: csv_to_fhir_pipeline.transform_csv_to_fhir manual__2025-04-17T02:50:01.758010+00:00 [queued]>
[2025-04-17T02:50:05.321+0000] {taskinstance.py:2614} INFO - Dependencies all met for dep_context=requeueable deps ti=<TaskInstance: csv_to_fhir_pipeline.transform_csv_to_fhir manual__2025-04-17T02:50:01.758010+00:00 [queued]>
[2025-04-17T02:50:05.322+0000] {taskinstance.py:2867} INFO - Starting attempt 1 of 1
[2025-04-17T02:50:05.346+0000] {taskinstance.py:2890} INFO - Executing <Task(PythonOperator): transform_csv_to_fhir> on 2025-04-17 02:50:01.758010+00:00
[2025-04-17T02:50:05.359+0000] {warnings.py:112} WARNING - /home/***/.local/lib/python3.12/site-packages/***/task/task_runner/standard_task_runner.py:70: DeprecationWarning: This process (pid=72) is multi-threaded, use of fork() may lead to deadlocks in the child.
  pid = os.fork()

[2025-04-17T02:50:05.363+0000] {standard_task_runner.py:72} INFO - Started process 74 to run task
[2025-04-17T02:50:05.363+0000] {standard_task_runner.py:104} INFO - Running: ['***', 'tasks', 'run', 'csv_to_fhir_pipeline', 'transform_csv_to_fhir', 'manual__2025-04-17T02:50:01.758010+00:00', '--job-id', '18', '--raw', '--subdir', 'DAGS_FOLDER/csv_to_fhir_dag.py', '--cfg-path', '/tmp/tmpsu9lrmf0']
[2025-04-17T02:50:05.364+0000] {standard_task_runner.py:105} INFO - Job 18: Subtask transform_csv_to_fhir
[2025-04-17T02:50:05.430+0000] {task_command.py:467} INFO - Running <TaskInstance: csv_to_fhir_pipeline.transform_csv_to_fhir manual__2025-04-17T02:50:01.758010+00:00 [running]> on host a52c7806f9da
[2025-04-17T02:50:05.524+0000] {taskinstance.py:3134} INFO - Exporting env vars: AIRFLOW_CTX_DAG_OWNER='***' AIRFLOW_CTX_DAG_ID='csv_to_fhir_pipeline' AIRFLOW_CTX_TASK_ID='transform_csv_to_fhir' AIRFLOW_CTX_EXECUTION_DATE='2025-04-17T02:50:01.758010+00:00' AIRFLOW_CTX_TRY_NUMBER='1' AIRFLOW_CTX_DAG_RUN_ID='manual__2025-04-17T02:50:01.758010+00:00'
[2025-04-17T02:50:05.526+0000] {logging_mixin.py:190} INFO - Task instance is in running state
[2025-04-17T02:50:05.527+0000] {logging_mixin.py:190} INFO -  Previous state of the Task instance: queued
[2025-04-17T02:50:05.528+0000] {logging_mixin.py:190} INFO - Current task name:transform_csv_to_fhir state:running start_date:2025-04-17 02:50:05.311249+00:00
[2025-04-17T02:50:05.528+0000] {logging_mixin.py:190} INFO - Dag name:csv_to_fhir_pipeline and current dag run status:running
[2025-04-17T02:50:05.529+0000] {taskinstance.py:732} INFO - ::endgroup::
[2025-04-17T02:50:08.462+0000] {warnings.py:112} WARNING - /opt/***/dags/scripts/transform_csv_to_fhir.py:21: DtypeWarning: Columns (0,32,37,40) have mixed types. Specify dtype option on import or set low_memory=False.
  df = pd.read_csv(input_path, encoding='latin1')

[2025-04-17T02:50:10.410+0000] {taskinstance.py:3313} ERROR - Task failed with exception
Traceback (most recent call last):
  File "/home/airflow/.local/lib/python3.12/site-packages/airflow/models/taskinstance.py", line 768, in _execute_task
    result = _execute_callable(context=context, **execute_callable_kwargs)
             ^^^^^^^^^^^^^^^^^^^^^^^^^^^^^^^^^^^^^^^^^^^^^^^^^^^^^^^^^^^^^
  File "/home/airflow/.local/lib/python3.12/site-packages/airflow/models/taskinstance.py", line 734, in _execute_callable
    return ExecutionCallableRunner(
           ^^^^^^^^^^^^^^^^^^^^^^^^
  File "/home/airflow/.local/lib/python3.12/site-packages/airflow/utils/operator_helpers.py", line 252, in run
    return self.func(*args, **kwargs)
           ^^^^^^^^^^^^^^^^^^^^^^^^^^
  File "/home/airflow/.local/lib/python3.12/site-packages/airflow/models/baseoperator.py", line 424, in wrapper
    return func(self, *args, **kwargs)
           ^^^^^^^^^^^^^^^^^^^^^^^^^^^
  File "/home/airflow/.local/lib/python3.12/site-packages/airflow/operators/python.py", line 238, in execute
    return_value = self.execute_callable()
                   ^^^^^^^^^^^^^^^^^^^^^^^
  File "/home/airflow/.local/lib/python3.12/site-packages/airflow/operators/python.py", line 256, in execute_callable
    return runner.run(*self.op_args, **self.op_kwargs)
           ^^^^^^^^^^^^^^^^^^^^^^^^^^^^^^^^^^^^^^^^^^^
  File "/home/airflow/.local/lib/python3.12/site-packages/airflow/utils/operator_helpers.py", line 252, in run
    return self.func(*args, **kwargs)
           ^^^^^^^^^^^^^^^^^^^^^^^^^^
  File "/opt/airflow/dags/scripts/transform_csv_to_fhir.py", line 75, in csv_to_fhir
    encounter.diagnosis = [{
    ^^^^^^^^^^^^^^^^^^^
  File "/home/airflow/.local/lib/python3.12/site-packages/pydantic/v1/main.py", line 384, in __setattr__
    raise ValidationError([error_], self.__class__)
pydantic.v1.error_wrappers.ValidationError: 2 validation errors for Encounter
diagnosis -> 0 -> condition
  value is not a valid list (type=type_error.list)
diagnosis -> 0 -> use
  value is not a valid list (type=type_error.list)
[2025-04-17T02:50:10.474+0000] {logging_mixin.py:190} INFO - Task instance in failure state
[2025-04-17T02:50:10.476+0000] {logging_mixin.py:190} INFO - Task start:2025-04-17 02:50:05.311249+00:00 end:2025-04-17 02:50:10.473612+00:00 duration:5.162363
[2025-04-17T02:50:10.479+0000] {logging_mixin.py:190} INFO - Task:<Task(PythonOperator): transform_csv_to_fhir> dag:<DAG: csv_to_fhir_pipeline> dagrun:<DagRun csv_to_fhir_pipeline @ 2025-04-17 02:50:01.758010+00:00: manual__2025-04-17T02:50:01.758010+00:00, state:running, queued_at: 2025-04-17 02:50:01.769664+00:00. externally triggered: True>
[2025-04-17T02:50:10.481+0000] {logging_mixin.py:190} INFO - Failure caused by 2 validation errors for Encounter
diagnosis -> 0 -> condition
  value is not a valid list (type=type_error.list)
diagnosis -> 0 -> use
  value is not a valid list (type=type_error.list)
[2025-04-17T02:50:10.482+0000] {taskinstance.py:1226} INFO - Marking task as FAILED. dag_id=csv_to_fhir_pipeline, task_id=transform_csv_to_fhir, run_id=manual__2025-04-17T02:50:01.758010+00:00, execution_date=20250417T025001, start_date=20250417T025005, end_date=20250417T025010
[2025-04-17T02:50:10.549+0000] {taskinstance.py:341} INFO - ::group::Post task execution logs
[2025-04-17T02:50:10.551+0000] {standard_task_runner.py:124} ERROR - Failed to execute job 18 for task transform_csv_to_fhir (2 validation errors for Encounter
diagnosis -> 0 -> condition
  value is not a valid list (type=type_error.list)
diagnosis -> 0 -> use
  value is not a valid list (type=type_error.list); 74)
Traceback (most recent call last):
  File "/home/airflow/.local/lib/python3.12/site-packages/airflow/task/task_runner/standard_task_runner.py", line 117, in _start_by_fork
    ret = args.func(args, dag=self.dag)
          ^^^^^^^^^^^^^^^^^^^^^^^^^^^^^
  File "/home/airflow/.local/lib/python3.12/site-packages/airflow/cli/cli_config.py", line 49, in command
    return func(*args, **kwargs)
           ^^^^^^^^^^^^^^^^^^^^^
  File "/home/airflow/.local/lib/python3.12/site-packages/airflow/utils/cli.py", line 116, in wrapper
    return f(*args, **kwargs)
           ^^^^^^^^^^^^^^^^^^
  File "/home/airflow/.local/lib/python3.12/site-packages/airflow/cli/commands/task_command.py", line 483, in task_run
    task_return_code = _run_task_by_selected_method(args, _dag, ti)
                       ^^^^^^^^^^^^^^^^^^^^^^^^^^^^^^^^^^^^^^^^^^^^
  File "/home/airflow/.local/lib/python3.12/site-packages/airflow/cli/commands/task_command.py", line 256, in _run_task_by_selected_method
    return _run_raw_task(args, ti)
           ^^^^^^^^^^^^^^^^^^^^^^^
  File "/home/airflow/.local/lib/python3.12/site-packages/airflow/cli/commands/task_command.py", line 341, in _run_raw_task
    return ti._run_raw_task(
           ^^^^^^^^^^^^^^^^^
  File "/home/airflow/.local/lib/python3.12/site-packages/airflow/utils/session.py", line 97, in wrapper
    return func(*args, session=session, **kwargs)
           ^^^^^^^^^^^^^^^^^^^^^^^^^^^^^^^^^^^^^^
  File "/home/airflow/.local/lib/python3.12/site-packages/airflow/models/taskinstance.py", line 3006, in _run_raw_task
    return _run_raw_task(
           ^^^^^^^^^^^^^^
  File "/home/airflow/.local/lib/python3.12/site-packages/airflow/models/taskinstance.py", line 274, in _run_raw_task
    TaskInstance._execute_task_with_callbacks(
  File "/home/airflow/.local/lib/python3.12/site-packages/airflow/models/taskinstance.py", line 3161, in _execute_task_with_callbacks
    result = self._execute_task(context, task_orig)
             ^^^^^^^^^^^^^^^^^^^^^^^^^^^^^^^^^^^^^^
  File "/home/airflow/.local/lib/python3.12/site-packages/airflow/models/taskinstance.py", line 3185, in _execute_task
    return _execute_task(self, context, task_orig)
           ^^^^^^^^^^^^^^^^^^^^^^^^^^^^^^^^^^^^^^^
  File "/home/airflow/.local/lib/python3.12/site-packages/airflow/models/taskinstance.py", line 768, in _execute_task
    result = _execute_callable(context=context, **execute_callable_kwargs)
             ^^^^^^^^^^^^^^^^^^^^^^^^^^^^^^^^^^^^^^^^^^^^^^^^^^^^^^^^^^^^^
  File "/home/airflow/.local/lib/python3.12/site-packages/airflow/models/taskinstance.py", line 734, in _execute_callable
    return ExecutionCallableRunner(
           ^^^^^^^^^^^^^^^^^^^^^^^^
  File "/home/airflow/.local/lib/python3.12/site-packages/airflow/utils/operator_helpers.py", line 252, in run
    return self.func(*args, **kwargs)
           ^^^^^^^^^^^^^^^^^^^^^^^^^^
  File "/home/airflow/.local/lib/python3.12/site-packages/airflow/models/baseoperator.py", line 424, in wrapper
    return func(self, *args, **kwargs)
           ^^^^^^^^^^^^^^^^^^^^^^^^^^^
  File "/home/airflow/.local/lib/python3.12/site-packages/airflow/operators/python.py", line 238, in execute
    return_value = self.execute_callable()
                   ^^^^^^^^^^^^^^^^^^^^^^^
  File "/home/airflow/.local/lib/python3.12/site-packages/airflow/operators/python.py", line 256, in execute_callable
    return runner.run(*self.op_args, **self.op_kwargs)
           ^^^^^^^^^^^^^^^^^^^^^^^^^^^^^^^^^^^^^^^^^^^
  File "/home/airflow/.local/lib/python3.12/site-packages/airflow/utils/operator_helpers.py", line 252, in run
    return self.func(*args, **kwargs)
           ^^^^^^^^^^^^^^^^^^^^^^^^^^
  File "/opt/airflow/dags/scripts/transform_csv_to_fhir.py", line 75, in csv_to_fhir
    encounter.diagnosis = [{
    ^^^^^^^^^^^^^^^^^^^
  File "/home/airflow/.local/lib/python3.12/site-packages/pydantic/v1/main.py", line 384, in __setattr__
    raise ValidationError([error_], self.__class__)
pydantic.v1.error_wrappers.ValidationError: 2 validation errors for Encounter
diagnosis -> 0 -> condition
  value is not a valid list (type=type_error.list)
diagnosis -> 0 -> use
  value is not a valid list (type=type_error.list)
[2025-04-17T02:50:10.627+0000] {local_task_job_runner.py:266} INFO - Task exited with return code 1
[2025-04-17T02:50:10.645+0000] {taskinstance.py:3901} INFO - 0 downstream tasks scheduled from follow-on schedule check
[2025-04-17T02:50:10.650+0000] {local_task_job_runner.py:245} INFO - ::endgroup::
